<?xml version="1.0" encoding="UTF-8"?>
<!-- Generated by org.testng.reporters.JUnitReportReporter -->
<testsuite hostname="DESKTOP-V53GB2U" name="org.leet.LeetLogin" tests="1" failures="0" timestamp="31 Jan 2025 04:20:03 GMT" time="21.151" errors="0">
  <testcase name="testLogin" time="21.151" classname="org.leet.LeetLogin"/>
</testsuite> <!-- org.leet.LeetLogin -->
